cmd=table&query=pending&filters=&time=1298405356293&page=index
cmd=table&query=pending&filters=&time=1298405366216&page=index
cmd=combobox&query=clientes&combobox=id_cliente&time=1298405375581&page=curso
cmd=list&query=cursos&filters=&time=1298405375616&page=curso
cmd=combobox&query=trabajadores&time=1298405375670&page=curso
cmd=table&query=festivos&filters=start%3D2011-02-22%26end%3D2011-09-10&time=1298405375687&page=curso
cmd=combobox&query=contactos-cliente&combobox=id_contacto&time=1298405375590&page=curso
cmd=combobox&query=materias&time=1298405375641&page=curso
cmd=combobox&query=trabajadores&combobox=id_trabajador&time=1298405375586&page=curso
cmd=get&query=cursos&id=C-01-11&time=1298405388614&page=curso
cmd=grid&query=cursos_materias&filters=id_curso%3DC-01-11&time=1298405388944&page=curso
cmd=grid&query=cursos_clases&filters=id_curso%3DC-01-11&time=1298405388950&page=curso
cmd=table&query=curso-calendario&filters=id_curso%3DC-01-11&time=1298405433200&page=curso
cmd=table&query=cursos-facturas&filters=id_curso%3DC-01-11&time=1298405435504&page=curso
cmd=table&query=cursos-trabajadores&filters=id_curso%3DC-01-11&time=1298405438681&page=curso
cmd=combobox&query=clientes&combobox=id_cliente&time=1298405525927&page=curso
cmd=combobox&query=trabajadores&combobox=id_trabajador&time=1298405525935&page=curso
cmd=combobox&query=contactos-cliente&combobox=id_contacto&time=1298405525940&page=curso
cmd=list&query=cursos&filters=&time=1298405526071&page=curso
cmd=combobox&query=materias&time=1298405526098&page=curso
cmd=combobox&query=trabajadores&time=1298405526128&page=curso
cmd=table&query=festivos&filters=start%3D2011-02-22%26end%3D2011-09-10&time=1298405526151&page=curso
cmd=combobox&query=clientes&combobox=id_cliente&time=1298405549788&page=curso
cmd=combobox&query=trabajadores&combobox=id_trabajador&time=1298405549793&page=curso
cmd=combobox&query=materias&time=1298405549831&page=curso
cmd=combobox&query=contactos-cliente&combobox=id_contacto&time=1298405549797&page=curso
cmd=table&query=festivos&filters=start%3D2011-02-22%26end%3D2011-09-10&time=1298405549878&page=curso
cmd=combobox&query=trabajadores&time=1298405549861&page=curso
cmd=list&query=cursos&filters=&time=1298405549807&page=curso
cmd=combobox&query=trabajadores&combobox=id_trabajador&time=1298405567726&page=curso
cmd=combobox&query=clientes&combobox=id_cliente&time=1298405567722&page=curso
cmd=combobox&query=contactos-cliente&combobox=id_contacto&time=1298405567730&page=curso
cmd=combobox&query=materias&time=1298405567774&page=curso
cmd=table&query=festivos&filters=start%3D2011-02-22%26end%3D2011-09-10&time=1298405567820&page=curso
cmd=combobox&query=trabajadores&time=1298405567803&page=curso
cmd=list&query=cursos&filters=&time=1298405567739&page=curso
cmd=combobox&query=trabajadores&combobox=id_trabajador&time=1298405639732&page=curso
cmd=combobox&query=contactos-cliente&combobox=id_contacto&time=1298405639736&page=curso
cmd=combobox&query=clientes&combobox=id_cliente&time=1298405639728&page=curso
cmd=combobox&query=materias&time=1298405639774&page=curso
cmd=table&query=festivos&filters=start%3D2011-02-22%26end%3D2011-09-10&time=1298405639826&page=curso
cmd=combobox&query=trabajadores&time=1298405639809&page=curso
cmd=list&query=cursos&filters=&time=1298405639746&page=curso
cmd=combobox&query=trabajadores&combobox=id_trabajador&time=1298405664936&page=curso
cmd=combobox&query=clientes&combobox=id_cliente&time=1298405664932&page=curso
cmd=list&query=cursos&filters=&time=1298405664949&page=curso
cmd=combobox&query=contactos-cliente&combobox=id_contacto&time=1298405664940&page=curso
cmd=table&query=festivos&filters=start%3D2011-02-22%26end%3D2011-09-10&time=1298405665032&page=curso
cmd=combobox&query=materias&time=1298405664973&page=curso
cmd=combobox&query=trabajadores&time=1298405665006&page=curso
cmd=table&query=pending&filters=&time=1298405691945&page=
cmd=combobox&query=trabajadores&combobox=id_trabajador&time=1298405715892&page=curso
cmd=combobox&query=materias&time=1298405715941&page=curso
cmd=combobox&query=trabajadores&time=1298405715972&page=curso
cmd=combobox&query=clientes&combobox=id_cliente&time=1298405715887&page=curso
cmd=table&query=festivos&filters=start%3D2011-02-22%26end%3D2011-09-10&time=1298405715994&page=curso
cmd=list&query=cursos&filters=&time=1298405715916&page=curso
cmd=combobox&query=contactos-cliente&combobox=id_contacto&time=1298405715896&page=curso
cmd=table&query=pending&filters=&time=1298405729827&page=
cmd=grid&query=bancos&filters=&time=1298405734565&page=bancos
cmd=grid&query=formas_pago&filters=&time=1298405734578&page=bancos
cmd=combobox&query=citas-usuarios&combobox=user&time=1298405741846&page=citas
cmd=combobox&query=citas-a%C3%B1os&combobox=year&time=1298405741853&page=citas
cmd=grid&query=citas&filters=user%3D%2525%26year%3D2011%26month%3D2&time=1298405741882&page=citas
cmd=combobox&query=trabajadores&time=1298405741972&page=citas
cmd=save&query=citas&actions=insert&data=%5B%7B%22fecha%22%3A%222011-02-22%22%2C%22hora%22%3A%2210%3A00%22%2C%22duracion%22%3A%224%22%2C%22usuario%22%3A%22QUIM%22%2C%22tema%22%3A%22Reuni%C3%B3n%22%2C%22titulo%22%3A%22Importante%22%7D%5D&time=1298405771489&page=citas
cmd=table&query=pending&filters=&time=1298405776304&page=
cmd=table&query=pending&filters=&time=1298405783405&page=
cmd=grid&query=citas&filters=user%3D%2525%26year%3D2011%26month%3D2&time=1298405791845&page=citas
cmd=combobox&query=trabajadores&time=1298405791994&page=citas
cmd=combobox&query=citas-usuarios&combobox=user&time=1298405791818&page=citas
cmd=combobox&query=citas-a%C3%B1os&combobox=year&time=1298405791823&page=citas
cmd=table&query=agenda&filters=filtro%3D&time=1298405795024&page=agenda
cmd=combobox&query=a%C3%B1os&combobox=year&time=1298405799318&page=pagos
cmd=combobox&query=trabajadores&combobox=trabajador&time=1298405799323&page=pagos
cmd=combobox&query=bancos&combobox=banco&time=1298405799327&page=pagos
cmd=grid&query=pagos&filters=month%3D2%26year%3D2011%26trabajador%3D%2525%26curso%3D%2525%26banco%3D%2525&time=1298405799351&page=pagos
cmd=combobox&query=trabajadores&time=1298405800416&page=pagos
cmd=combobox&query=cursos&time=1298405800426&page=pagos
cmd=combobox&query=bancos&time=1298405800432&page=pagos
cmd=save&query=pagos&actions=insert&data=%5B%7B%22fecha%22%3A%222011-02-22%22%2C%22id_trabajador%22%3A%22QUIM%22%2C%22horas%22%3A%2210%22%2C%22id_curso%22%3A%22C-01-11%22%2C%22pago%22%3A%22200%22%2C%22id_banco%22%3A%221%22%2C%22notas%22%3A%22Mercadotecnia%22%7D%5D&time=1298405832951&page=pagos
cmd=save&query=pagos&actions=update&data=%5B%7B%22id%22%3A%221%22%2C%22notas%22%3A%22Asistencia%20t%C3%A9cnica%22%7D%5D&time=1298405850807&page=pagos
cmd=table&query=pending&filters=&time=1298405855708&page=
cmd=list&query=clientes&filters=&time=1298405858748&page=cliente
cmd=combobox&query=formaspago&combobox=id_forma_pago&time=1298405858740&page=cliente
cmd=combobox&query=bancos&combobox=id_banco&time=1298405884116&page=factura
cmd=combobox&query=cursos-cliente&time=1298405884166&page=factura
cmd=combobox&query=formaspago&combobox=id_forma_pago&time=1298405884111&page=factura
cmd=list&query=facturas&filters=&time=1298405884140&page=factura
cmd=combobox&query=clientes&combobox=id_cliente&time=1298405884104&page=factura
cmd=get&query=facturas&id=D00001-11&time=1298405888498&page=factura
cmd=grid&query=facturas_cursos&filters=id_factura%3DD00001-11&time=1298405888601&page=factura
cmd=grid&query=facturas_cobros&filters=id_factura%3DD00001-11&time=1298405888606&page=factura
cmd=combobox&query=cursos-cliente&filters=id_cliente%3D1869979130&time=1298405888626&page=factura
cmd=list&query=facturas&filters=&historic=historic&time=1298405914100&page=factura
cmd=save&query=facturas_cobros&actions=update%2Cinsert&data=%5B%7B%22id%22%3A%222064742485%22%2C%22importe%22%3A%22700%22%7D%2C%7B%22id_factura%22%3A%22D00001-11%22%2C%22vencimiento%22%3A%222011-02-28%22%2C%22importe%22%3A%221000%22%2C%22cobrado%22%3A%220%22%7D%5D&time=1298405948432&page=factura
cmd=save&query=facturas_cobros&actions=insert&data=%5B%7B%22id_factura%22%3A%22D00001-11%22%2C%22vencimiento%22%3A%222011-03-30%22%2C%22importe%22%3A%221000%22%2C%22cobrado%22%3A%220%22%7D%5D&time=1298405965285&page=factura
cmd=table&query=pending&filters=&time=1298405989093&page=
cmd=combobox&query=poblaciones&combobox=id_poblacion&time=1298405997743&page=trabajador
cmd=list&query=trabajadores&filters=&time=1298405997750&page=trabajador
cmd=get&query=trabajadores&id=NANDO&time=1298406005367&page=trabajador
cmd=get&query=trabajadores&id=QUIM&time=1298406007348&page=trabajador
cmd=get&query=trabajadores&id=NANDO&time=1298406009325&page=trabajador
cmd=get&query=trabajadores&id=FCO&time=1298406010101&page=trabajador
cmd=update&query=trabajadores&id=FCO&fields=correo%3Dfco%2540proinf.net%26notas%3DProgramador&time=1298406039458&page=trabajador
cmd=list&query=trabajadores&id=FCO&time=1298406040540&page=trabajador
cmd=get&query=trabajadores&id=QUIM&time=1298406041974&page=trabajador
cmd=update&query=trabajadores&id=QUIM&fields=notas%3Dquimet22%2540hotmail.com&time=1298406054272&page=trabajador
cmd=list&query=trabajadores&id=QUIM&time=1298406054327&page=trabajador
cmd=get&query=trabajadores&id=FCO&time=1298406057415&page=trabajador
cmd=update&query=trabajadores&id=FCO&fields=direccion%3DPaseo%2520Montjuic%252C%252032%252C%25203%25C2%25BA%25201%25C2%25AA&time=1298406063056&page=trabajador
cmd=list&query=trabajadores&id=FCO&time=1298406063110&page=trabajador
cmd=get&query=trabajadores&id=QUIM&time=1298406066579&page=trabajador
cmd=get&query=trabajadores&id=NANDO&time=1298406068697&page=trabajador
cmd=update&query=trabajadores&id=NANDO&fields=notas%3DCasa%2520padres%253A%252093-717-87-87&time=1298406081271&page=trabajador
cmd=list&query=trabajadores&id=NANDO&time=1298406081322&page=trabajador
cmd=get&query=trabajadores&id=FCO&time=1298406100236&page=trabajador
cmd=table&query=pending&filters=&time=1298406104893&page=
cmd=combobox&query=trabajadores&combobox=worker&time=1298406140149&page=statistics2
cmd=combobox&query=clases-a%C3%B1os&combobox=year&time=1298406140153&page=statistics2
cmd=table&query=estadistica-trabajadores&filters=worker%3D%2525%26year%3D2011%26month%3D2&time=1298406140157&page=statistics2
cmd=table&query=pending&filters=&time=1298406144590&page=
cmd=table&query=pending&filters=&time=1298448983772&page=index
cmd=table&query=pending&filters=&time=1298448990390&page=index
cmd=combobox&query=clientes&combobox=id_cliente&time=1298448997169&page=curso
cmd=combobox&query=trabajadores&combobox=id_trabajador&time=1298448997176&page=curso
cmd=combobox&query=materias&time=1298448997231&page=curso
cmd=combobox&query=trabajadores&time=1298448997261&page=curso
cmd=table&query=festivos&filters=start%3D2011-02-23%26end%3D2011-09-11&time=1298448997281&page=curso
cmd=combobox&query=contactos-cliente&combobox=id_contacto&time=1298448997183&page=curso
cmd=list&query=cursos&filters=&time=1298448997206&page=curso
cmd=get&query=cursos&id=C-01-11&time=1298449006401&page=curso
cmd=grid&query=cursos_materias&filters=id_curso%3DC-01-11&time=1298449006713&page=curso
cmd=grid&query=cursos_clases&filters=id_curso%3DC-01-11&time=1298449006720&page=curso
cmd=table&query=pending&filters=&time=1298457880739&page=
cmd=table&query=pending&filters=&time=1298457892020&page=
cmd=table&query=pending&filters=&time=1298457934097&page=
cmd=combobox&query=clientes&combobox=id_cliente&time=1298457941956&page=curso
cmd=combobox&query=trabajadores&combobox=id_trabajador&time=1298457941958&page=curso
cmd=list&query=cursos&filters=&time=1298457941973&page=curso
cmd=combobox&query=contactos-cliente&combobox=id_contacto&time=1298457941959&page=curso
cmd=combobox&query=materias&time=1298457941989&page=curso
cmd=combobox&query=trabajadores&time=1298457942010&page=curso
cmd=table&query=festivos&filters=start%3D2011-02-23%26end%3D2011-09-11&time=1298457942020&page=curso
cmd=table&query=pending&filters=&time=1298458278138&page=
cmd=table&query=pending&filters=&time=1298458714113&page=index
cmd=table&query=pending&filters=&time=1298458753274&page=
cmd=combobox&query=formaspago&combobox=id_forma_pago&time=1298458770747&page=cliente
cmd=list&query=clientes&filters=&time=1298458770758&page=cliente
cmd=table&query=logins&filters=&num_page=1&page_size=25&time=1298458798177&page=logins
cmd=table&query=pending&filters=&time=1298503981184&page=
cmd=table&query=pending&filters=&time=1298503997270&page=
